[13:21:15] hello
[13:21:28] what is the time now
[13:21:41] what is today's date
[13:21:54] exit
[13:59:22] hello
[13:59:33] what is pyth
[13:59:51] sleep
[14:00:08] exit
[14:21:03] hello
[14:21:16] what time is it
[14:21:26] what is today's date
[14:21:37] tell me what is
[14:22:08] exit
[22:44:43] hello web
[22:44:48] hello web
[22:44:53] hello v
[22:44:56] hello
[22:45:00] hello alexa
[22:45:08] hello alexa
[22:45:14] hello alexa
[22:45:18] hello
[22:45:26] exit
[22:45:47] hello web
[22:45:50] hello akshara
[22:45:55] hello exam
[22:45:59] hello vi
[22:46:03] hello alexa
[22:46:06] hello alexa
[22:46:10] hello
[22:46:14] hello wax zora
[22:46:18] hello vectora
[22:46:21] hello alexa
[22:46:24] hello vikram
[22:46:28] exit
[22:51:03] hello alexa
[22:51:07] hello
[22:51:12] hello alexa
[22:51:16] love
[22:51:57] exit
[22:55:24] hello viagra
[22:55:37] what time is it now
[22:55:48] what is today's date
[22:55:56] open youtube
[22:56:16] open google
[22:56:32] open vs
[22:57:15] exit
[23:44:42] hello
[23:49:19] hello
[23:49:33] open vs
[23:49:48] open vs code
[23:50:05] sleep
[23:50:24] hello
[23:50:35] exit
[13:43:38] hello
[13:43:49] what is python
[13:44:09] exit
[13:47:04] hello
[13:47:14] what is python
[13:49:37] hello web
[13:49:48] what is python
[13:55:26] hello vikram
[13:55:36] what is python
[14:49:21] hello
[14:49:33] what time is it now
[14:49:43] what is today's
[14:50:57] hello
[14:51:06] what time is
[14:51:14] what is date today
[14:51:22] what is python
[14:56:17] exit
[13:11:21] hello arjun
[13:17:25] exit
[14:43:15] hello
[14:43:26] my name is
[14:43:34] what is my name
[14:43:41] my name is dev
[14:43:48] exit
[14:44:12] hello
[14:44:22] what is
[14:44:52] what is my name
[14:44:58] exit
